<?xml version="1.0" encoding="UTF-8"?>
<testng-results ignored="0" total="4" passed="4" failed="0" skipped="0">
  <reporter-output>
  </reporter-output>
  <suite started-at="2025-04-25T13:31:18 IST" name="Reqres API Test Suite" finished-at="2025-04-25T13:31:22 IST" duration-ms="3926">
    <groups>
    </groups>
    <test started-at="2025-04-25T13:31:18 IST" name="API Tests" finished-at="2025-04-25T13:31:22 IST" duration-ms="3926">
      <class name="com.reqres.tests.ReqresApiTests">
        <test-method is-config="true" signature="setup()[pri:0, instance:com.reqres.tests.ReqresApiTests@2e4b8173]" started-at="2025-04-25T13:31:18 IST" name="setup" finished-at="2025-04-25T13:31:19 IST" duration-ms="691" status="PASS">
          <reporter-output>
          </reporter-output>
        </test-method> <!-- setup -->
        <test-method signature="testCreateUser()[pri:0, instance:com.reqres.tests.ReqresApiTests@2e4b8173]" started-at="2025-04-25T13:31:19 IST" name="testCreateUser" finished-at="2025-04-25T13:31:21 IST" duration-ms="2277" status="PASS">
          <reporter-output>
          </reporter-output>
        </test-method> <!-- testCreateUser -->
        <test-method signature="testDeleteUser()[pri:0, instance:com.reqres.tests.ReqresApiTests@2e4b8173]" started-at="2025-04-25T13:31:21 IST" name="testDeleteUser" finished-at="2025-04-25T13:31:22 IST" duration-ms="399" status="PASS">
          <reporter-output>
          </reporter-output>
        </test-method> <!-- testDeleteUser -->
        <test-method signature="testGetUser()[pri:0, instance:com.reqres.tests.ReqresApiTests@2e4b8173]" started-at="2025-04-25T13:31:22 IST" name="testGetUser" finished-at="2025-04-25T13:31:22 IST" duration-ms="123" status="PASS">
          <reporter-output>
          </reporter-output>
        </test-method> <!-- testGetUser -->
        <test-method signature="testUpdateUser()[pri:0, instance:com.reqres.tests.ReqresApiTests@2e4b8173]" started-at="2025-04-25T13:31:22 IST" name="testUpdateUser" finished-at="2025-04-25T13:31:22 IST" duration-ms="408" status="PASS">
          <reporter-output>
          </reporter-output>
        </test-method> <!-- testUpdateUser -->
      </class> <!-- com.reqres.tests.ReqresApiTests -->
    </test> <!-- API Tests -->
  </suite> <!-- Reqres API Test Suite -->
</testng-results>
