<?xml version="1.0" encoding="UTF-8"?>
<testng-results ignored="0" total="2" passed="1" failed="1" skipped="0">
  <reporter-output>
  </reporter-output>
  <suite started-at="2025-04-28T20:30:39 IST" name="Reqres API Test Suite" finished-at="2025-04-28T20:30:41 IST" duration-ms="1761">
    <groups>
    </groups>
    <test started-at="2025-04-28T20:30:39 IST" name="API Tests" finished-at="2025-04-28T20:30:41 IST" duration-ms="1761">
      <class name="com.reqres.tests.ReqresApiTests">
        <test-method is-config="true" signature="setup()[pri:0, instance:com.reqres.tests.ReqresApiTests@4fb61f4a]" started-at="2025-04-28T20:30:39 IST" name="setup" finished-at="2025-04-28T20:30:39 IST" duration-ms="400" status="PASS">
          <reporter-output>
          </reporter-output>
        </test-method> <!-- setup -->
        <test-method is-config="true" signature="setup()[pri:0, instance:com.reqres.tests.ReqresApiTests@4fb61f4a]" started-at="2025-04-28T20:30:39 IST" name="setup" finished-at="2025-04-28T20:30:39 IST" duration-ms="400" status="PASS">
          <reporter-output>
          </reporter-output>
        </test-method> <!-- setup -->
        <test-method signature="testGetUserPass()[pri:0, instance:com.reqres.tests.ReqresApiTests@4fb61f4a]" started-at="2025-04-28T20:30:39 IST" name="testGetUserPass" finished-at="2025-04-28T20:30:41 IST" duration-ms="1263" status="PASS">
          <reporter-output>
          </reporter-output>
        </test-method> <!-- testGetUserPass -->
        <test-method signature="testGetUserFail()[pri:0, instance:com.reqres.tests.ReqresApiTests@4fb61f4a]" started-at="2025-04-28T20:30:39 IST" name="testGetUserFail" finished-at="2025-04-28T20:30:41 IST" duration-ms="1325" status="FAIL">
          <exception class="com.fasterxml.jackson.databind.exc.UnrecognizedPropertyException">
            <message>
              <![CDATA[Unrecognized field "error" (class com.reqres.models.User), not marked as ignorable (2 known properties: "data", "support"])
 at [Source: (String)"{"error":"Missing API key.","how_to_get_one":"https://reqres.in/signup"}"; line: 1, column: 11] (through reference chain: com.reqres.models.User["error"])]]>
            </message>
            <full-stacktrace>
              <![CDATA[com.fasterxml.jackson.databind.exc.UnrecognizedPropertyException: Unrecognized field "error" (class com.reqres.models.User), not marked as ignorable (2 known properties: "data", "support"])
 at [Source: (String)"{"error":"Missing API key.","how_to_get_one":"https://reqres.in/signup"}"; line: 1, column: 11] (through reference chain: com.reqres.models.User["error"])
at com.fasterxml.jackson.databind.exc.UnrecognizedPropertyException.from(UnrecognizedPropertyException.java:61)
at com.fasterxml.jackson.databind.DeserializationContext.handleUnknownProperty(DeserializationContext.java:1138)
at com.fasterxml.jackson.databind.deser.std.StdDeserializer.handleUnknownProperty(StdDeserializer.java:2224)
at com.fasterxml.jackson.databind.deser.BeanDeserializerBase.handleUnknownProperty(BeanDeserializerBase.java:1709)
at com.fasterxml.jackson.databind.deser.BeanDeserializerBase.handleUnknownVanilla(BeanDeserializerBase.java:1687)
at com.fasterxml.jackson.databind.deser.BeanDeserializer.vanillaDeserialize(BeanDeserializer.java:320)
at com.fasterxml.jackson.databind.deser.BeanDeserializer.deserialize(BeanDeserializer.java:177)
at com.fasterxml.jackson.databind.deser.DefaultDeserializationContext.readRootValue(DefaultDeserializationContext.java:323)
at com.fasterxml.jackson.databind.ObjectMapper._readMapAndClose(ObjectMapper.java:4825)
at com.fasterxml.jackson.databind.ObjectMapper.readValue(ObjectMapper.java:3772)
at com.fasterxml.jackson.databind.ObjectMapper.readValue(ObjectMapper.java:3740)
at com.reqres.tests.ReqresApiTests.testGetUserFail(ReqresApiTests.java:59)
at java.base/jdk.internal.reflect.DirectMethodHandleAccessor.invoke(DirectMethodHandleAccessor.java:103)
at java.base/java.lang.reflect.Method.invoke(Method.java:580)
at org.testng.internal.invokers.MethodInvocationHelper.invokeMethod(MethodInvocationHelper.java:139)
at org.testng.internal.invokers.TestInvoker.invokeMethod(TestInvoker.java:677)
at org.testng.internal.invokers.TestInvoker.invokeTestMethod(TestInvoker.java:221)
at org.testng.internal.invokers.MethodRunner.runInSequence(MethodRunner.java:50)
at org.testng.internal.invokers.TestInvoker$MethodInvocationAgent.invoke(TestInvoker.java:969)
at org.testng.internal.invokers.TestInvoker.invokeTestMethods(TestInvoker.java:194)
at org.testng.internal.invokers.TestMethodWorker.invokeTestMethods(TestMethodWorker.java:148)
at org.testng.internal.invokers.TestMethodWorker.run(TestMethodWorker.java:128)
at java.base/java.util.concurrent.ThreadPoolExecutor.runWorker(ThreadPoolExecutor.java:1144)
at java.base/java.util.concurrent.ThreadPoolExecutor$Worker.run(ThreadPoolExecutor.java:642)
at java.base/java.lang.Thread.run(Thread.java:1583)
]]>
            </full-stacktrace>
          </exception> <!-- com.fasterxml.jackson.databind.exc.UnrecognizedPropertyException -->
          <reporter-output>
          </reporter-output>
        </test-method> <!-- testGetUserFail -->
        <test-method is-config="true" signature="tearDown()[pri:0, instance:com.reqres.tests.ReqresApiTests@4fb61f4a]" started-at="2025-04-28T20:30:41 IST" name="tearDown" finished-at="2025-04-28T20:30:41 IST" duration-ms="1" status="PASS">
          <reporter-output>
          </reporter-output>
        </test-method> <!-- tearDown -->
        <test-method is-config="true" signature="tearDown()[pri:0, instance:com.reqres.tests.ReqresApiTests@4fb61f4a]" started-at="2025-04-28T20:30:41 IST" name="tearDown" finished-at="2025-04-28T20:30:41 IST" duration-ms="0" status="PASS">
          <reporter-output>
          </reporter-output>
        </test-method> <!-- tearDown -->
      </class> <!-- com.reqres.tests.ReqresApiTests -->
    </test> <!-- API Tests -->
  </suite> <!-- Reqres API Test Suite -->
</testng-results>
