<?xml version="1.0" encoding="UTF-8"?>
<!-- Generated by org.testng.reporters.JUnitXMLReporter -->
<testsuite ignored="0" hostname="DESKTOP-BUGKGO7" failures="1" tests="2" name="API Tests" time="1.761" errors="0" timestamp="2025-04-28T20:30:41 IST">
  <testcase classname="com.reqres.tests.ReqresApiTests" name="testGetUserPass" time="1.263"/>
  <testcase classname="com.reqres.tests.ReqresApiTests" name="testGetUserFail" time="1.325">
    <failure type="com.fasterxml.jackson.databind.exc.UnrecognizedPropertyException" message="Unrecognized field &amp;quot;error&amp;quot; (class com.reqres.models.User), not marked as ignorable (2 known properties: &amp;quot;data&amp;quot;, &amp;quot;support&amp;quot;])
 at [Source: (String)&amp;quot;{&amp;quot;error&amp;quot;:&amp;quot;Missing API key.&amp;quot;,&amp;quot;how_to_get_one&amp;quot;:&amp;quot;https://reqres.in/signup&amp;quot;}&amp;quot;; line: 1, column: 11] (through reference chain: com.reqres.models.User[&amp;quot;error&amp;quot;])">
      <![CDATA[com.fasterxml.jackson.databind.exc.UnrecognizedPropertyException: Unrecognized field "error" (class com.reqres.models.User), not marked as ignorable (2 known properties: "data", "support"])
 at [Source: (String)"{"error":"Missing API key.","how_to_get_one":"https://reqres.in/signup"}"; line: 1, column: 11] (through reference chain: com.reqres.models.User["error"])
at com.fasterxml.jackson.databind.exc.UnrecognizedPropertyException.from(UnrecognizedPropertyException.java:61)
at com.fasterxml.jackson.databind.DeserializationContext.handleUnknownProperty(DeserializationContext.java:1138)
at com.fasterxml.jackson.databind.deser.std.StdDeserializer.handleUnknownProperty(StdDeserializer.java:2224)
at com.fasterxml.jackson.databind.deser.BeanDeserializerBase.handleUnknownProperty(BeanDeserializerBase.java:1709)
at com.fasterxml.jackson.databind.deser.BeanDeserializerBase.handleUnknownVanilla(BeanDeserializerBase.java:1687)
at com.fasterxml.jackson.databind.deser.BeanDeserializer.vanillaDeserialize(BeanDeserializer.java:320)
at com.fasterxml.jackson.databind.deser.BeanDeserializer.deserialize(BeanDeserializer.java:177)
at com.fasterxml.jackson.databind.deser.DefaultDeserializationContext.readRootValue(DefaultDeserializationContext.java:323)
at com.fasterxml.jackson.databind.ObjectMapper._readMapAndClose(ObjectMapper.java:4825)
at com.fasterxml.jackson.databind.ObjectMapper.readValue(ObjectMapper.java:3772)
at com.fasterxml.jackson.databind.ObjectMapper.readValue(ObjectMapper.java:3740)
at com.reqres.tests.ReqresApiTests.testGetUserFail(ReqresApiTests.java:59)
at java.base/java.util.concurrent.ThreadPoolExecutor.runWorker(ThreadPoolExecutor.java:1144)
at java.base/java.util.concurrent.ThreadPoolExecutor$Worker.run(ThreadPoolExecutor.java:642)
at java.base/java.lang.Thread.run(Thread.java:1583)
... Removed 10 stack frames]]>
    </failure>
  </testcase> <!-- testGetUserFail -->
</testsuite> <!-- API Tests -->
