<?xml version="1.0" encoding="UTF-8"?>
<!-- Generated by org.testng.reporters.JUnitXMLReporter -->
<testsuite ignored="0" hostname="DESKTOP-BUGKGO7" failures="2" tests="2" name="API Tests" time="2.996" errors="0" timestamp="2025-04-30T09:26:32 IST">
  <testcase classname="com.reqres.tests.ReqresApiTests" name="testGetUserPass" time="2.078">
    <failure type="com.fasterxml.jackson.databind.exc.UnrecognizedPropertyException" message="Unrecognized field &amp;quot;avatar&amp;quot; (class com.reqres.models.UserData), not marked as ignorable (4 known properties: &amp;quot;first_name&amp;quot;, &amp;quot;id&amp;quot;, &amp;quot;email&amp;quot;, &amp;quot;last_name&amp;quot;])
 at [Source: (String)&amp;quot;{&amp;quot;data&amp;quot;:{&amp;quot;id&amp;quot;:2,&amp;quot;email&amp;quot;:&amp;quot;janet.weaver@reqres.in&amp;quot;,&amp;quot;first_name&amp;quot;:&amp;quot;Janet&amp;quot;,&amp;quot;last_name&amp;quot;:&amp;quot;Weaver&amp;quot;,&amp;quot;avatar&amp;quot;:&amp;quot;https://reqres.in/img/faces/2-image.jpg&amp;quot;},&amp;quot;support&amp;quot;:{&amp;quot;url&amp;quot;:&amp;quot;https://contentcaddy.io?utm_source=reqres&amp;amp;utm_medium=json&amp;amp;utm_campaign=referral&amp;quot;,&amp;quot;text&amp;quot;:&amp;quot;Tired of writing endless social media content? Let Content Caddy generate it for you.&amp;quot;}}&amp;quot;; line: 1, column: 102] (through reference chain: com.reqres.models.User[&amp;quot;data&amp;quot;]-&amp;gt;com.reqres.models.UserData[&amp;quot;avatar&amp;quot;])">
      <![CDATA[com.fasterxml.jackson.databind.exc.UnrecognizedPropertyException: Unrecognized field "avatar" (class com.reqres.models.UserData), not marked as ignorable (4 known properties: "first_name", "id", "email", "last_name"])
 at [Source: (String)"{"data":{"id":2,"email":"janet.weaver@reqres.in","first_name":"Janet","last_name":"Weaver","avatar":"https://reqres.in/img/faces/2-image.jpg"},"support":{"url":"https://contentcaddy.io?utm_source=reqres&utm_medium=json&utm_campaign=referral","text":"Tired of writing endless social media content? Let Content Caddy generate it for you."}}"; line: 1, column: 102] (through reference chain: com.reqres.models.User["data"]->com.reqres.models.UserData["avatar"])
at com.fasterxml.jackson.databind.exc.UnrecognizedPropertyException.from(UnrecognizedPropertyException.java:61)
at com.fasterxml.jackson.databind.DeserializationContext.handleUnknownProperty(DeserializationContext.java:1138)
at com.fasterxml.jackson.databind.deser.std.StdDeserializer.handleUnknownProperty(StdDeserializer.java:2224)
at com.fasterxml.jackson.databind.deser.BeanDeserializerBase.handleUnknownProperty(BeanDeserializerBase.java:1709)
at com.fasterxml.jackson.databind.deser.BeanDeserializerBase.handleUnknownVanilla(BeanDeserializerBase.java:1687)
at com.fasterxml.jackson.databind.deser.BeanDeserializer.vanillaDeserialize(BeanDeserializer.java:320)
at com.fasterxml.jackson.databind.deser.BeanDeserializer.deserialize(BeanDeserializer.java:177)
at com.fasterxml.jackson.databind.deser.impl.MethodProperty.deserializeAndSet(MethodProperty.java:129)
at com.fasterxml.jackson.databind.deser.BeanDeserializer.vanillaDeserialize(BeanDeserializer.java:314)
at com.fasterxml.jackson.databind.deser.BeanDeserializer.deserialize(BeanDeserializer.java:177)
at com.fasterxml.jackson.databind.deser.DefaultDeserializationContext.readRootValue(DefaultDeserializationContext.java:323)
at com.fasterxml.jackson.databind.ObjectMapper._readMapAndClose(ObjectMapper.java:4825)
at com.fasterxml.jackson.databind.ObjectMapper.readValue(ObjectMapper.java:3772)
at com.fasterxml.jackson.databind.ObjectMapper.readValue(ObjectMapper.java:3740)
at com.reqres.services.ApiService.getUserObjectById(ApiService.java:57)
at com.reqres.tests.ReqresApiTests.testGetUserPass(ReqresApiTests.java:21)
at java.base/java.util.concurrent.ThreadPoolExecutor.runWorker(ThreadPoolExecutor.java:1144)
at java.base/java.util.concurrent.ThreadPoolExecutor$Worker.run(ThreadPoolExecutor.java:642)
at java.base/java.lang.Thread.run(Thread.java:1583)
... Removed 10 stack frames]]>
    </failure>
  </testcase> <!-- testGetUserPass -->
  <testcase classname="com.reqres.tests.ReqresApiTests" name="testGetUserFail" time="2.283">
    <failure type="java.lang.RuntimeException" message="API Error: Missing API key.. https://reqres.in/signup">
      <![CDATA[java.lang.RuntimeException: API Error: Missing API key.. https://reqres.in/signup
at com.reqres.services.ApiService.getUserObjectById(ApiService.java:60)
at com.reqres.tests.ReqresApiTests.testGetUserFail(ReqresApiTests.java:35)
at java.base/java.util.concurrent.ThreadPoolExecutor.runWorker(ThreadPoolExecutor.java:1144)
at java.base/java.util.concurrent.ThreadPoolExecutor$Worker.run(ThreadPoolExecutor.java:642)
at java.base/java.lang.Thread.run(Thread.java:1583)
... Removed 10 stack frames]]>
    </failure>
  </testcase> <!-- testGetUserFail -->
</testsuite> <!-- API Tests -->
