<?xml version="1.0" encoding="UTF-8"?>
<testsuite xmlns:xsi="http://www.w3.org/2001/XMLSchema-instance" xsi:noNamespaceSchemaLocation="https://maven.apache.org/surefire/maven-surefire-plugin/xsd/surefire-test-report-3.0.xsd" version="3.0" name="TestSuite" time="4.489" tests="4" errors="0" skipped="0" failures="0">
  <properties>
[...]
</properties>
  <testcase name="testCreateUser" classname="com.reqres.tests.ReqresApiTests" time="2.277">
    <system-out><![CDATA[Request method:	POST
Request URI:	https://reqres.in/api/users
Proxy:			<none>
Request params:	<none>
Query params:	<none>
Form params:	<none>
Path params:	<none>
Headers:		Accept=*/*
				Content-Type=application/json
Cookies:		<none>
Multiparts:		<none>
Body:
{
    "id": null,
    "email": null,
    "first_name": null,
    "last_name": null,
    "avatar": null,
    "name": "John Doe",
    "job": "Software Engineer"
}
HTTP/1.1 201 Created
Date: Fri, 25 Apr 2025 08:01:21 GMT
Content-Type: application/json; charset=utf-8
Content-Length: 156
Connection: keep-alive
Cf-Ray: 935c4fda68e4c167-BLR
Server: cloudflare
Report-To: {"group":"heroku-nel","max_age":3600,"endpoints":[{"url":"https://nel.heroku.com/reports?ts=1745568081&sid=c4c9725f-1ab0-44d8-820f-430df2718e11&s=oAouy2rJTy%2BdBzr%2Fa6WnzP0PN6dsQ6c25Cmmo2s8lkM%3D"}]}
Reporting-Endpoints: heroku-nel=https://nel.heroku.com/reports?ts=1745568081&sid=c4c9725f-1ab0-44d8-820f-430df2718e11&s=oAouy2rJTy%2BdBzr%2Fa6WnzP0PN6dsQ6c25Cmmo2s8lkM%3D
Nel: {"report_to":"heroku-nel","max_age":3600,"success_fraction":0.005,"failure_fraction":0.05,"response_headers":["Via"]}
X-Powered-By: Express
Access-Control-Allow-Origin: *
Etag: W/"9c-bVeq/HG1U34OymSrsTYSWAHGuPY"
Via: 1.1 vegur
Cf-Cache-Status: DYNAMIC
server-timing: cfL4;desc="?proto=TCP&rtt=13951&min_rtt=13924&rtt_var=5241&sent=7&recv=7&lost=0&retrans=0&sent_bytes=3109&recv_bytes=915&delivery_rate=308532&cwnd=252&unsent_bytes=0&cid=49524489338f12f7&ts=420&x=0"

{
    "id": "42",
    "email": null,
    "first_name": null,
    "last_name": null,
    "avatar": null,
    "name": "John Doe",
    "job": "Software Engineer",
    "createdAt": "2025-04-25T08:01:21.273Z"
}
]]></system-out>
    <system-err><![CDATA[SLF4J: Failed to load class "org.slf4j.impl.StaticLoggerBinder".
SLF4J: Defaulting to no-operation (NOP) logger implementation
SLF4J: See http://www.slf4j.org/codes.html#StaticLoggerBinder for further details.
]]></system-err>
  </testcase>
  <testcase name="testDeleteUser" classname="com.reqres.tests.ReqresApiTests" time="0.399">
    <system-out><![CDATA[Request method:	DELETE
Request URI:	https://reqres.in/api/users/2
Proxy:			<none>
Request params:	<none>
Query params:	<none>
Form params:	<none>
Path params:	<none>
Headers:		Accept=*/*
				Content-Type=application/json
Cookies:		<none>
Multiparts:		<none>
Body:			<none>
HTTP/1.1 204 No Content
Date: Fri, 25 Apr 2025 08:01:22 GMT
Connection: keep-alive
Cf-Ray: 935c4fe07d4ec46e-BLR
Server: cloudflare
Report-To: {"group":"heroku-nel","max_age":3600,"endpoints":[{"url":"https://nel.heroku.com/reports?ts=1745568082&sid=c4c9725f-1ab0-44d8-820f-430df2718e11&s=zU5pPhJrEY4SICJgV4LQJdgpKaYfd%2FfCCmNzO61SovQ%3D"}]}
Reporting-Endpoints: heroku-nel=https://nel.heroku.com/reports?ts=1745568082&sid=c4c9725f-1ab0-44d8-820f-430df2718e11&s=zU5pPhJrEY4SICJgV4LQJdgpKaYfd%2FfCCmNzO61SovQ%3D
Nel: {"report_to":"heroku-nel","max_age":3600,"success_fraction":0.005,"failure_fraction":0.05,"response_headers":["Via"]}
X-Powered-By: Express
Access-Control-Allow-Origin: *
Etag: W/"2-vyGp6PvFo4RvsFtPoIWeCReyIC8"
Via: 1.1 vegur
Cf-Cache-Status: DYNAMIC
server-timing: cfL4;desc="?proto=TCP&rtt=9943&min_rtt=9934&rtt_var=3745&sent=5&recv=6&lost=0&retrans=0&sent_bytes=3109&recv_bytes=781&delivery_rate=429042&cwnd=252&unsent_bytes=0&cid=00d27c1861c8e516&ts=336&x=0"
]]></system-out>
  </testcase>
  <testcase name="testGetUser" classname="com.reqres.tests.ReqresApiTests" time="0.126">
    <system-out><![CDATA[Request method:	GET
Request URI:	https://reqres.in/api/users/2
Proxy:			<none>
Request params:	<none>
Query params:	<none>
Form params:	<none>
Path params:	<none>
Headers:		Accept=*/*
				Content-Type=application/json
Cookies:		<none>
Multiparts:		<none>
Body:			<none>
HTTP/1.1 200 OK
Date: Fri, 25 Apr 2025 08:01:22 GMT
Content-Type: application/json; charset=utf-8
Transfer-Encoding: chunked
Connection: keep-alive
Content-Encoding: gzip
Cf-Ray: 935c4fe2d87920c5-BLR
Report-To: {"group":"heroku-nel","max_age":3600,"endpoints":[{"url":"https://nel.heroku.com/reports?ts=1745558023&sid=c4c9725f-1ab0-44d8-820f-430df2718e11&s=82MDLFh1ocsV7Wvg%2BKbGFplazK9z0l6cLlvVbtnpJN8%3D"}]}
Reporting-Endpoints: heroku-nel=https://nel.heroku.com/reports?ts=1745558023&sid=c4c9725f-1ab0-44d8-820f-430df2718e11&s=82MDLFh1ocsV7Wvg%2BKbGFplazK9z0l6cLlvVbtnpJN8%3D
Nel: {"report_to":"heroku-nel","max_age":3600,"success_fraction":0.005,"failure_fraction":0.05,"response_headers":["Via"]}
X-Powered-By: Express
Access-Control-Allow-Origin: *
Etag: W/"152-ApQgGHL6RKwaebFlrPCYPBO1xHg"
Via: 1.1 vegur
Cache-Control: max-age=14400
Cf-Cache-Status: HIT
Age: 2313
Vary: Accept-Encoding
Server: cloudflare
server-timing: cfL4;desc="?proto=TCP&rtt=11772&min_rtt=11411&rtt_var=3919&sent=5&recv=6&lost=0&retrans=0&sent_bytes=3109&recv_bytes=778&delivery_rate=304055&cwnd=252&unsent_bytes=0&cid=df6b1220ad32dd2d&ts=32&x=0"

{
    "data": {
        "id": 2,
        "email": "janet.weaver@reqres.in",
        "first_name": "Janet",
        "last_name": "Weaver",
        "avatar": "https://reqres.in/img/faces/2-image.jpg"
    },
    "support": {
        "url": "https://contentcaddy.io?utm_source=reqres&utm_medium=json&utm_campaign=referral",
        "text": "Tired of writing endless social media content? Let Content Caddy generate it for you."
    }
}
]]></system-out>
  </testcase>
  <testcase name="testUpdateUser" classname="com.reqres.tests.ReqresApiTests" time="0.406">
    <system-out><![CDATA[Request method:	PUT
Request URI:	https://reqres.in/api/users/2
Proxy:			<none>
Request params:	<none>
Query params:	<none>
Form params:	<none>
Path params:	<none>
Headers:		Accept=*/*
				Content-Type=application/json
Cookies:		<none>
Multiparts:		<none>
Body:
{
    "id": null,
    "email": null,
    "first_name": null,
    "last_name": null,
    "avatar": null,
    "name": "John Doe Updated",
    "job": "Senior Software Engineer"
}
HTTP/1.1 200 OK
Date: Fri, 25 Apr 2025 08:01:22 GMT
Content-Type: application/json; charset=utf-8
Transfer-Encoding: chunked
Connection: keep-alive
Content-Encoding: gzip
Cf-Ray: 935c4fe3bd61ea32-BLR
Report-To: {"group":"heroku-nel","max_age":3600,"endpoints":[{"url":"https://nel.heroku.com/reports?ts=1745568082&sid=c4c9725f-1ab0-44d8-820f-430df2718e11&s=zU5pPhJrEY4SICJgV4LQJdgpKaYfd%2FfCCmNzO61SovQ%3D"}]}
Reporting-Endpoints: heroku-nel=https://nel.heroku.com/reports?ts=1745568082&sid=c4c9725f-1ab0-44d8-820f-430df2718e11&s=zU5pPhJrEY4SICJgV4LQJdgpKaYfd%2FfCCmNzO61SovQ%3D
Nel: {"report_to":"heroku-nel","max_age":3600,"success_fraction":0.005,"failure_fraction":0.05,"response_headers":["Via"]}
X-Powered-By: Express
Access-Control-Allow-Origin: *
Etag: W/"ab-OYvyZVqAJGW/MSd87PB21UJvPmk"
Via: 1.1 vegur
Cf-Cache-Status: DYNAMIC
Vary: Accept-Encoding
Server: cloudflare
server-timing: cfL4;desc="?proto=TCP&rtt=14228&min_rtt=13630&rtt_var=4648&sent=5&recv=6&lost=0&retrans=0&sent_bytes=3109&recv_bytes=931&delivery_rate=258966&cwnd=252&unsent_bytes=0&cid=10287f03ece43ab3&ts=334&x=0"

{
    "id": null,
    "email": null,
    "first_name": null,
    "last_name": null,
    "avatar": null,
    "name": "John Doe Updated",
    "job": "Senior Software Engineer",
    "updatedAt": "2025-04-25T08:01:22.768Z"
}
]]></system-out>
  </testcase>
</testsuite>