<?xml version="1.0" encoding="UTF-8"?>
<!-- Generated by org.testng.reporters.JUnitXMLReporter -->
<testsuite ignored="0" hostname="DESKTOP-BUGKGO7" failures="1" tests="1" name="API Tests" time="2.385" errors="0" timestamp="2025-04-25T19:47:37 IST">
  <testcase classname="com.reqres.tests.ReqresApiTests" name="testGetUser" time="1.806">
    <failure type="com.fasterxml.jackson.core.JsonParseException" message="Unexpected character (&amp;apos;&amp;lt;&amp;apos; (code 60)): expected a valid value (JSON String, Number, Array, Object or token &amp;apos;null&amp;apos;, &amp;apos;true&amp;apos; or &amp;apos;false&amp;apos;)
 at [Source: (String)&amp;quot;&amp;lt;!DOCTYPE html&amp;gt;
\u0009&amp;lt;html&amp;gt;
\u0009  &amp;lt;head&amp;gt;
\u0009\u0009&amp;lt;meta name=&amp;quot;viewport&amp;quot; content=&amp;quot;width=device-width, initial-scale=1&amp;quot;&amp;gt;
\u0009\u0009&amp;lt;meta charset=&amp;quot;utf-8&amp;quot;&amp;gt;
\u0009\u0009&amp;lt;title&amp;gt;Application Error&amp;lt;/title&amp;gt;
\u0009\u0009&amp;lt;style media=&amp;quot;screen&amp;quot;&amp;gt;
\u0009\u0009  html,body,iframe {
\u0009\u0009\u0009margin: 0;
\u0009\u0009\u0009padding: 0;
\u0009\u0009  }
\u0009\u0009  html,body {
\u0009\u0009\u0009height: 100%;
\u0009\u0009\u0009overflow: hidden;
\u0009\u0009  }
\u0009\u0009  iframe {
\u0009\u0009\u0009width: 100%;
\u0009\u0009\u0009height: 100%;
\u0009\u0009\u0009border: 0;
\u0009\u0009  }
\u0009\u0009&amp;lt;/style&amp;gt;
\u0009  &amp;lt;/head&amp;gt;
\u0009  &amp;lt;body&amp;gt;
\u0009\u0009&amp;lt;iframe src=&amp;quot;//www.herokucdn.com/error-pages/application-error.html&amp;quot;&amp;gt;&amp;lt;/iframe&amp;gt;
\u0009  &amp;lt;/body&amp;gt;
\u0009&amp;lt;&amp;quot;[truncated 6 chars]; line: 1, column: 2]">
      <![CDATA[com.fasterxml.jackson.core.JsonParseException: Unexpected character ('<' (code 60)): expected a valid value (JSON String, Number, Array, Object or token 'null', 'true' or 'false')
 at [Source: (String)"<!DOCTYPE html>
\u0009<html>
\u0009  <head>
\u0009\u0009<meta name="viewport" content="width=device-width, initial-scale=1">
\u0009\u0009<meta charset="utf-8">
\u0009\u0009<title>Application Error</title>
\u0009\u0009<style media="screen">
\u0009\u0009  html,body,iframe {
\u0009\u0009\u0009margin: 0;
\u0009\u0009\u0009padding: 0;
\u0009\u0009  }
\u0009\u0009  html,body {
\u0009\u0009\u0009height: 100%;
\u0009\u0009\u0009overflow: hidden;
\u0009\u0009  }
\u0009\u0009  iframe {
\u0009\u0009\u0009width: 100%;
\u0009\u0009\u0009height: 100%;
\u0009\u0009\u0009border: 0;
\u0009\u0009  }
\u0009\u0009</style>
\u0009  </head>
\u0009  <body>
\u0009\u0009<iframe src="//www.herokucdn.com/error-pages/application-error.html"></iframe>
\u0009  </body>
\u0009<"[truncated 6 chars]; line: 1, column: 2]
at com.fasterxml.jackson.core.JsonParser._constructError(JsonParser.java:2477)
at com.fasterxml.jackson.core.base.ParserMinimalBase._reportError(ParserMinimalBase.java:750)
at com.fasterxml.jackson.core.base.ParserMinimalBase._reportUnexpectedChar(ParserMinimalBase.java:674)
at com.fasterxml.jackson.core.json.ReaderBasedJsonParser._handleOddValue(ReaderBasedJsonParser.java:2085)
at com.fasterxml.jackson.core.json.ReaderBasedJsonParser.nextToken(ReaderBasedJsonParser.java:808)
at com.fasterxml.jackson.databind.ObjectMapper._initForReading(ObjectMapper.java:4912)
at com.fasterxml.jackson.databind.ObjectMapper._readMapAndClose(ObjectMapper.java:4818)
at com.fasterxml.jackson.databind.ObjectMapper.readValue(ObjectMapper.java:3772)
at com.fasterxml.jackson.databind.ObjectMapper.readValue(ObjectMapper.java:3740)
at com.reqres.tests.ReqresApiTests.testGetUser(ReqresApiTests.java:32)
at java.base/java.util.concurrent.ThreadPoolExecutor.runWorker(ThreadPoolExecutor.java:1144)
at java.base/java.util.concurrent.ThreadPoolExecutor$Worker.run(ThreadPoolExecutor.java:642)
at java.base/java.lang.Thread.run(Thread.java:1575)
... Removed 10 stack frames]]>
    </failure>
  </testcase> <!-- testGetUser -->
</testsuite> <!-- API Tests -->
