<?xml version="1.0" encoding="UTF-8"?>
<!-- Generated by org.testng.reporters.JUnitXMLReporter -->
<testsuite ignored="0" hostname="DESKTOP-BUGKGO7" failures="0" tests="4" name="API Tests" time="3.926" errors="0" timestamp="2025-04-25T13:31:22 IST">
  <testcase classname="com.reqres.tests.ReqresApiTests" name="testCreateUser" time="2.277"/>
  <testcase classname="com.reqres.tests.ReqresApiTests" name="testDeleteUser" time="0.399"/>
  <testcase classname="com.reqres.tests.ReqresApiTests" name="testGetUser" time="0.123"/>
  <testcase classname="com.reqres.tests.ReqresApiTests" name="testUpdateUser" time="0.408"/>
</testsuite> <!-- API Tests -->
